app/build/intermediates/manifest_merge_blame_file/debug/processDebugMainManifest/manifest-merger-blame-debug-report.txt
1<?xml version="1.0" encoding="utf-8"?>
2<manifest xmlns:android="http://schemas.android.com/apk/res/android"
3    package="com.npusensei.app"
4    android:versionCode="1"
5    android:versionName="1.0" >
6
7    <uses-sdk
7-->INJECTED
8        android:minSdkVersion="31"
8-->INJECTED
9        android:targetSdkVersion="36" />
9-->INJECTED
10
11    <uses-permission android:name="android.permission.CAMERA" />
11-->src/main/AndroidManifest.xml:5:5-65
11-->src/main/AndroidManifest.xml:5:22-62
12
13    <uses-feature
13-->src/main/AndroidManifest.xml:6:5-8:35
14        android:name="android.hardware.camera"
14-->src/main/AndroidManifest.xml:7:9-47
15        android:required="true" />
15-->src/main/AndroidManifest.xml:8:9-32
16
17    <!-- NOTE: Developers need to copy permission declarations to their app's manifest. -->
18    <!-- Required for downloading AiPack models. -->
19    <uses-permission android:name="android.permission.FOREGROUND_SERVICE" />
19-->[com.google.ai.edge.litert:litert:2.1.1] AndroidManifest.xml:23:5-76
19-->[com.google.ai.edge.litert:litert:2.1.1] AndroidManifest.xml:23:22-74
20    <uses-permission android:name="android.permission.FOREGROUND_SERVICE_DATA_SYNC" />
20-->[com.google.ai.edge.litert:litert:2.1.1] AndroidManifest.xml:24:5-86
20-->[com.google.ai.edge.litert:litert:2.1.1] AndroidManifest.xml:24:22-84
21    <uses-permission android:name="android.permission.WAKE_LOCK" />
21-->[androidx.work:work-runtime:2.9.1] AndroidManifest.xml:23:5-68
21-->[androidx.work:work-runtime:2.9.1] AndroidManifest.xml:23:22-65
22    <uses-permission android:name="android.permission.ACCESS_NETWORK_STATE" />
22-->[androidx.work:work-runtime:2.9.1] AndroidManifest.xml:24:5-79
22-->[androidx.work:work-runtime:2.9.1] AndroidManifest.xml:24:22-76
23    <uses-permission android:name="android.permission.RECEIVE_BOOT_COMPLETED" />
23-->[androidx.work:work-runtime:2.9.1] AndroidManifest.xml:25:5-81
23-->[androidx.work:work-runtime:2.9.1] AndroidManifest.xml:25:22-78
24
25    <permission
25-->[androidx.core:core:1.18.0] AndroidManifest.xml:22:5-24:47
26        android:name="com.npusensei.app.DYNAMIC_RECEIVER_NOT_EXPORTED_PERMISSION"
26-->[androidx.core:core:1.18.0] AndroidManifest.xml:23:9-81
27        android:protectionLevel="signature" />
27-->[androidx.core:core:1.18.0] AndroidManifest.xml:24:9-44
28
29    <uses-permission android:name="com.npusensei.app.DYNAMIC_RECEIVER_NOT_EXPORTED_PERMISSION" />
29-->[androidx.core:core:1.18.0] AndroidManifest.xml:26:5-97
29-->[androidx.core:core:1.18.0] AndroidManifest.xml:26:22-94
30
31    <application
31-->src/main/AndroidManifest.xml:10:5-30:19
32        android:allowBackup="true"
32-->src/main/AndroidManifest.xml:11:9-35
33        android:appComponentFactory="androidx.core.app.CoreComponentFactory"
33-->[androidx.core:core:1.18.0] AndroidManifest.xml:28:18-86
34        android:dataExtractionRules="@xml/data_extraction_rules"
34-->src/main/AndroidManifest.xml:12:9-65
35        android:debuggable="true"
36        android:extractNativeLibs="true"
36-->INJECTED
37        android:fullBackupContent="@xml/backup_rules"
37-->src/main/AndroidManifest.xml:13:9-54
38        android:icon="@mipmap/ic_launcher"
38-->src/main/AndroidManifest.xml:14:9-43
39        android:label="@string/app_name"
39-->src/main/AndroidManifest.xml:15:9-41
40        android:roundIcon="@mipmap/ic_launcher_round"
40-->src/main/AndroidManifest.xml:16:9-54
41        android:supportsRtl="true"
41-->src/main/AndroidManifest.xml:17:9-35
42        android:theme="@style/Theme.NPUSensei" >
42-->src/main/AndroidManifest.xml:18:9-47
43        <activity
43-->src/main/AndroidManifest.xml:19:9-29:20
44            android:name="com.npusensei.app.MainActivity"
44-->src/main/AndroidManifest.xml:20:13-41
45            android:exported="true"
45-->src/main/AndroidManifest.xml:21:13-36
46            android:label="@string/app_name"
46-->src/main/AndroidManifest.xml:22:13-45
47            android:theme="@style/Theme.NPUSensei" >
47-->src/main/AndroidManifest.xml:23:13-51
48            <intent-filter>
48-->src/main/AndroidManifest.xml:24:13-28:29
49                <action android:name="android.intent.action.MAIN" />
49-->src/main/AndroidManifest.xml:25:17-69
49-->src/main/AndroidManifest.xml:25:25-66
50
51                <category android:name="android.intent.category.LAUNCHER" />
51-->src/main/AndroidManifest.xml:27:17-77
51-->src/main/AndroidManifest.xml:27:27-74
52            </intent-filter>
53        </activity>
54        <!--
55        Service for holding metadata. Cannot be instantiated.
56        Metadata will be merged from other manifests.
57        -->
58        <service
58-->[androidx.camera:camera-core:1.5.0] AndroidManifest.xml:29:9-33:78
59            android:name="androidx.camera.core.impl.MetadataHolderService"
59-->[androidx.camera:camera-core:1.5.0] AndroidManifest.xml:30:13-75
60            android:enabled="false"
60-->[androidx.camera:camera-core:1.5.0] AndroidManifest.xml:31:13-36
61            android:exported="false" >
61-->[androidx.camera:camera-core:1.5.0] AndroidManifest.xml:32:13-37
62            <meta-data
62-->[androidx.camera:camera-camera2:1.5.0] AndroidManifest.xml:30:13-32:89
63                android:name="androidx.camera.core.impl.MetadataHolderService.DEFAULT_CONFIG_PROVIDER"
63-->[androidx.camera:camera-camera2:1.5.0] AndroidManifest.xml:31:17-103
64                android:value="androidx.camera.camera2.Camera2Config$DefaultProvider" />
64-->[androidx.camera:camera-camera2:1.5.0] AndroidManifest.xml:32:17-86
65        </service>
66        <!--
67 Applications that target Android S+ require explicit declaration of
68             any referenced vendor-provided libraries.
69        -->
70        <uses-native-library
70-->[com.google.ai.edge.litert:litert:2.1.1] AndroidManifest.xml:29:9-84
71            android:name="libOpenCL.so"
71-->[com.google.ai.edge.litert:litert:2.1.1] AndroidManifest.xml:29:30-57
72            android:required="false" />
72-->[com.google.ai.edge.litert:litert:2.1.1] AndroidManifest.xml:29:58-82
73        <uses-native-library
73-->[com.google.ai.edge.litert:litert:2.1.1] AndroidManifest.xml:29:9-84
74            android:name="libOpenCL-car.so"
74-->[com.google.ai.edge.litert:litert:2.1.1] AndroidManifest.xml:29:30-57
75            android:required="false" />
75-->[com.google.ai.edge.litert:litert:2.1.1] AndroidManifest.xml:29:58-82
76        <uses-native-library
76-->[com.google.ai.edge.litert:litert:2.1.1] AndroidManifest.xml:29:9-84
77            android:name="libOpenCL-pixel.so"
77-->[com.google.ai.edge.litert:litert:2.1.1] AndroidManifest.xml:29:30-57
78            android:required="false" />
78-->[com.google.ai.edge.litert:litert:2.1.1] AndroidManifest.xml:29:58-82
79        <uses-native-library
79-->[com.google.ai.edge.litert:litert:2.1.1] AndroidManifest.xml:29:9-84
80            android:name="libvndksupport.so"
80-->[com.google.ai.edge.litert:litert:2.1.1] AndroidManifest.xml:29:30-57
81            android:required="false" /> <!-- Qualcomm NPU -->
81-->[com.google.ai.edge.litert:litert:2.1.1] AndroidManifest.xml:29:58-82
82        <uses-native-library
82-->[com.google.ai.edge.litert:litert:2.1.1] AndroidManifest.xml:29:9-84
83            android:name="libcdsprpc.so"
83-->[com.google.ai.edge.litert:litert:2.1.1] AndroidManifest.xml:29:30-57
84            android:required="false" /> <!-- Google Tensor NPU -->
84-->[com.google.ai.edge.litert:litert:2.1.1] AndroidManifest.xml:29:58-82
85        <uses-native-library
85-->[com.google.ai.edge.litert:litert:2.1.1] AndroidManifest.xml:29:9-84
86            android:name="libedgetpu_util.so"
86-->[com.google.ai.edge.litert:litert:2.1.1] AndroidManifest.xml:29:30-57
87            android:required="false" />
87-->[com.google.ai.edge.litert:litert:2.1.1] AndroidManifest.xml:29:58-82
88        <uses-native-library
88-->[com.google.ai.edge.litert:litert:2.1.1] AndroidManifest.xml:29:9-84
89            android:name="libedgetpu_litert.so"
89-->[com.google.ai.edge.litert:litert:2.1.1] AndroidManifest.xml:29:30-57
90            android:required="false" /> <!-- MTK NPU -->
90-->[com.google.ai.edge.litert:litert:2.1.1] AndroidManifest.xml:29:58-82
91        <uses-native-library
91-->[com.google.ai.edge.litert:litert:2.1.1] AndroidManifest.xml:29:9-84
92            android:name="libneuronusdk_adapter.mtk.so"
92-->[com.google.ai.edge.litert:litert:2.1.1] AndroidManifest.xml:29:30-57
93            android:required="false" />
93-->[com.google.ai.edge.litert:litert:2.1.1] AndroidManifest.xml:29:58-82
94        <uses-native-library
94-->[com.google.ai.edge.litert:litert:2.1.1] AndroidManifest.xml:29:9-84
95            android:name="libneuron_adapter_mgvi.so"
95-->[com.google.ai.edge.litert:litert:2.1.1] AndroidManifest.xml:29:30-57
96            android:required="false" />
96-->[com.google.ai.edge.litert:litert:2.1.1] AndroidManifest.xml:29:58-82
97        <uses-native-library
97-->[com.google.ai.edge.litert:litert:2.1.1] AndroidManifest.xml:29:9-84
98            android:name="libneuron_sys_util.mtk.so"
98-->[com.google.ai.edge.litert:litert:2.1.1] AndroidManifest.xml:29:30-57
99            android:required="false" /> <!-- MTK devices requiring version 9 SDK. -->
99-->[com.google.ai.edge.litert:litert:2.1.1] AndroidManifest.xml:29:58-82
100        <uses-native-library
100-->[com.google.ai.edge.litert:litert:2.1.1] AndroidManifest.xml:29:9-84
101            android:name="libneuronusdk_adapter.9.mtk.so"
101-->[com.google.ai.edge.litert:litert:2.1.1] AndroidManifest.xml:29:30-57
102            android:required="false" /> <!-- The services will be merged into the manifest of the hosting app. -->
102-->[com.google.ai.edge.litert:litert:2.1.1] AndroidManifest.xml:29:58-82
103        <service
103-->[com.google.android.play:asset-delivery:2.3.0] AndroidManifest.xml:21:9-28:19
104            android:name="com.google.android.play.core.assetpacks.AssetPackExtractionService"
104-->[com.google.android.play:asset-delivery:2.3.0] AndroidManifest.xml:22:13-94
105            android:enabled="false"
105-->[com.google.android.play:asset-delivery:2.3.0] AndroidManifest.xml:23:13-36
106            android:exported="true" >
106-->[com.google.android.play:asset-delivery:2.3.0] AndroidManifest.xml:24:13-36
107            <meta-data
107-->[com.google.android.play:asset-delivery:2.3.0] AndroidManifest.xml:25:13-27:41
108                android:name="com.google.android.play.core.assetpacks.versionCode"
108-->[com.google.android.play:asset-delivery:2.3.0] AndroidManifest.xml:26:17-83
109                android:value="20300" />
109-->[com.google.android.play:asset-delivery:2.3.0] AndroidManifest.xml:27:17-38
110        </service>
111        <service
111-->[com.google.android.play:asset-delivery:2.3.0] AndroidManifest.xml:29:9-33:56
112            android:name="com.google.android.play.core.assetpacks.ExtractionForegroundService"
112-->[com.google.android.play:asset-delivery:2.3.0] AndroidManifest.xml:30:13-95
113            android:enabled="false"
113-->[com.google.android.play:asset-delivery:2.3.0] AndroidManifest.xml:31:13-36
114            android:exported="false"
114-->[com.google.android.play:asset-delivery:2.3.0] AndroidManifest.xml:32:13-37
115            android:foregroundServiceType="dataSync" />
115-->[com.google.android.play:asset-delivery:2.3.0] AndroidManifest.xml:33:13-53
116
117        <receiver
117-->[com.google.android.play:asset-delivery:2.3.0] AndroidManifest.xml:35:9-43:20
118            android:name="com.google.android.play.core.assetpacks.SessionStateBroadcastReceiver"
118-->[com.google.android.play:asset-delivery:2.3.0] AndroidManifest.xml:36:13-97
119            android:enabled="true"
119-->[com.google.android.play:asset-delivery:2.3.0] AndroidManifest.xml:37:13-35
120            android:exported="true"
120-->[com.google.android.play:asset-delivery:2.3.0] AndroidManifest.xml:38:13-36
121            android:permission="android.permission.INSTALL_PACKAGES" >
121-->[com.google.android.play:asset-delivery:2.3.0] AndroidManifest.xml:39:13-69
122            <intent-filter>
122-->[com.google.android.play:asset-delivery:2.3.0] AndroidManifest.xml:40:13-42:29
123                <action android:name="com.google.android.play.core.assetpacks.receiver.ACTION_SESSION_UPDATE" />
123-->[com.google.android.play:asset-delivery:2.3.0] AndroidManifest.xml:41:17-113
123-->[com.google.android.play:asset-delivery:2.3.0] AndroidManifest.xml:41:25-110
124            </intent-filter>
125        </receiver>
126
127        <meta-data
127-->[com.google.android.gms:play-services-basement:18.4.0] AndroidManifest.xml:6:9-122
128            android:name="com.google.android.gms.version"
128-->[com.google.android.gms:play-services-basement:18.4.0] AndroidManifest.xml:6:20-65
129            android:value="@integer/google_play_services_version" />
129-->[com.google.android.gms:play-services-basement:18.4.0] AndroidManifest.xml:6:66-119
130
131        <activity
131-->[androidx.compose.ui:ui-tooling-android:1.10.4] AndroidManifest.xml:23:9-25:39
132            android:name="androidx.compose.ui.tooling.PreviewActivity"
132-->[androidx.compose.ui:ui-tooling-android:1.10.4] AndroidManifest.xml:24:13-71
133            android:exported="true" />
133-->[androidx.compose.ui:ui-tooling-android:1.10.4] AndroidManifest.xml:25:13-36
134
135        <provider
135-->[androidx.work:work-runtime:2.9.1] AndroidManifest.xml:29:9-37:20
136            android:name="androidx.startup.InitializationProvider"
136-->[androidx.work:work-runtime:2.9.1] AndroidManifest.xml:30:13-67
137            android:authorities="com.npusensei.app.androidx-startup"
137-->[androidx.work:work-runtime:2.9.1] AndroidManifest.xml:31:13-68
138            android:exported="false" >
138-->[androidx.work:work-runtime:2.9.1] AndroidManifest.xml:32:13-37
139            <meta-data
139-->[androidx.work:work-runtime:2.9.1] AndroidManifest.xml:34:13-36:52
140                android:name="androidx.work.WorkManagerInitializer"
140-->[androidx.work:work-runtime:2.9.1] AndroidManifest.xml:35:17-68
141                android:value="androidx.startup" />
141-->[androidx.work:work-runtime:2.9.1] AndroidManifest.xml:36:17-49
142            <meta-data
142-->[androidx.emoji2:emoji2:1.4.0] AndroidManifest.xml:29:13-31:52
143                android:name="androidx.emoji2.text.EmojiCompatInitializer"
143-->[androidx.emoji2:emoji2:1.4.0] AndroidManifest.xml:30:17-75
144                android:value="androidx.startup" />
144-->[androidx.emoji2:emoji2:1.4.0] AndroidManifest.xml:31:17-49
145            <meta-data
145-->[androidx.lifecycle:lifecycle-process:2.10.0] AndroidManifest.xml:29:13-31:52
146                android:name="androidx.lifecycle.ProcessLifecycleInitializer"
146-->[androidx.lifecycle:lifecycle-process:2.10.0] AndroidManifest.xml:30:17-78
147                android:value="androidx.startup" />
147-->[androidx.lifecycle:lifecycle-process:2.10.0] AndroidManifest.xml:31:17-49
148            <meta-data
148-->[androidx.profileinstaller:profileinstaller:1.4.0] AndroidManifest.xml:29:13-31:52
149                android:name="androidx.profileinstaller.ProfileInstallerInitializer"
149-->[androidx.profileinstaller:profileinstaller:1.4.0] AndroidManifest.xml:30:17-85
150                android:value="androidx.startup" />
150-->[androidx.profileinstaller:profileinstaller:1.4.0] AndroidManifest.xml:31:17-49
151        </provider>
152
153        <service
153-->[androidx.work:work-runtime:2.9.1] AndroidManifest.xml:39:9-45:35
154            android:name="androidx.work.impl.background.systemalarm.SystemAlarmService"
154-->[androidx.work:work-runtime:2.9.1] AndroidManifest.xml:40:13-88
155            android:directBootAware="false"
155-->[androidx.work:work-runtime:2.9.1] AndroidManifest.xml:41:13-44
156            android:enabled="@bool/enable_system_alarm_service_default"
156-->[androidx.work:work-runtime:2.9.1] AndroidManifest.xml:42:13-72
157            android:exported="false" />
157-->[androidx.work:work-runtime:2.9.1] AndroidManifest.xml:43:13-37
158        <service
158-->[androidx.work:work-runtime:2.9.1] AndroidManifest.xml:46:9-52:35
159            android:name="androidx.work.impl.background.systemjob.SystemJobService"
159-->[androidx.work:work-runtime:2.9.1] AndroidManifest.xml:47:13-84
160            android:directBootAware="false"
160-->[androidx.work:work-runtime:2.9.1] AndroidManifest.xml:48:13-44
161            android:enabled="@bool/enable_system_job_service_default"
161-->[androidx.work:work-runtime:2.9.1] AndroidManifest.xml:49:13-70
162            android:exported="true"
162-->[androidx.work:work-runtime:2.9.1] AndroidManifest.xml:50:13-36
163            android:permission="android.permission.BIND_JOB_SERVICE" />
163-->[androidx.work:work-runtime:2.9.1] AndroidManifest.xml:51:13-69
164        <service
164-->[androidx.work:work-runtime:2.9.1] AndroidManifest.xml:53:9-59:35
165            android:name="androidx.work.impl.foreground.SystemForegroundService"
165-->[androidx.work:work-runtime:2.9.1] AndroidManifest.xml:54:13-81
166            android:directBootAware="false"
166-->[androidx.work:work-runtime:2.9.1] AndroidManifest.xml:55:13-44
167            android:enabled="@bool/enable_system_foreground_service_default"
167-->[androidx.work:work-runtime:2.9.1] AndroidManifest.xml:56:13-77
168            android:exported="false" />
168-->[androidx.work:work-runtime:2.9.1] AndroidManifest.xml:57:13-37
169
170        <receiver
170-->[androidx.work:work-runtime:2.9.1] AndroidManifest.xml:61:9-66:35
171            android:name="androidx.work.impl.utils.ForceStopRunnable$BroadcastReceiver"
171-->[androidx.work:work-runtime:2.9.1] AndroidManifest.xml:62:13-88
172            android:directBootAware="false"
172-->[androidx.work:work-runtime:2.9.1] AndroidManifest.xml:63:13-44
173            android:enabled="true"
173-->[androidx.work:work-runtime:2.9.1] AndroidManifest.xml:64:13-35
174            android:exported="false" />
174-->[androidx.work:work-runtime:2.9.1] AndroidManifest.xml:65:13-37
175        <receiver
175-->[androidx.work:work-runtime:2.9.1] AndroidManifest.xml:67:9-77:20
176            android:name="androidx.work.impl.background.systemalarm.ConstraintProxy$BatteryChargingProxy"
176-->[androidx.work:work-runtime:2.9.1] AndroidManifest.xml:68:13-106
177            android:directBootAware="false"
177-->[androidx.work:work-runtime:2.9.1] AndroidManifest.xml:69:13-44
178            android:enabled="false"
178-->[androidx.work:work-runtime:2.9.1] AndroidManifest.xml:70:13-36
179            android:exported="false" >
179-->[androidx.work:work-runtime:2.9.1] AndroidManifest.xml:71:13-37
180            <intent-filter>
180-->[androidx.work:work-runtime:2.9.1] AndroidManifest.xml:73:13-76:29
181                <action android:name="android.intent.action.ACTION_POWER_CONNECTED" />
181-->[androidx.work:work-runtime:2.9.1] AndroidManifest.xml:74:17-87
181-->[androidx.work:work-runtime:2.9.1] AndroidManifest.xml:74:25-84
182                <action android:name="android.intent.action.ACTION_POWER_DISCONNECTED" />
182-->[androidx.work:work-runtime:2.9.1] AndroidManifest.xml:75:17-90
182-->[androidx.work:work-runtime:2.9.1] AndroidManifest.xml:75:25-87
183            </intent-filter>
184        </receiver>
185        <receiver
185-->[androidx.work:work-runtime:2.9.1] AndroidManifest.xml:78:9-88:20
186            android:name="androidx.work.impl.background.systemalarm.ConstraintProxy$BatteryNotLowProxy"
186-->[androidx.work:work-runtime:2.9.1] AndroidManifest.xml:79:13-104
187            android:directBootAware="false"
187-->[androidx.work:work-runtime:2.9.1] AndroidManifest.xml:80:13-44
188            android:enabled="false"
188-->[androidx.work:work-runtime:2.9.1] AndroidManifest.xml:81:13-36
189            android:exported="false" >
189-->[androidx.work:work-runtime:2.9.1] AndroidManifest.xml:82:13-37
190            <intent-filter>
190-->[androidx.work:work-runtime:2.9.1] AndroidManifest.xml:84:13-87:29
191                <action android:name="android.intent.action.BATTERY_OKAY" />
191-->[androidx.work:work-runtime:2.9.1] AndroidManifest.xml:85:17-77
191-->[androidx.work:work-runtime:2.9.1] AndroidManifest.xml:85:25-74
192                <action android:name="android.intent.action.BATTERY_LOW" />
192-->[androidx.work:work-runtime:2.9.1] AndroidManifest.xml:86:17-76
192-->[androidx.work:work-runtime:2.9.1] AndroidManifest.xml:86:25-73
193            </intent-filter>
194        </receiver>
195        <receiver
195-->[androidx.work:work-runtime:2.9.1] AndroidManifest.xml:89:9-99:20
196            android:name="androidx.work.impl.background.systemalarm.ConstraintProxy$StorageNotLowProxy"
196-->[androidx.work:work-runtime:2.9.1] AndroidManifest.xml:90:13-104
197            android:directBootAware="false"
197-->[androidx.work:work-runtime:2.9.1] AndroidManifest.xml:91:13-44
198            android:enabled="false"
198-->[androidx.work:work-runtime:2.9.1] AndroidManifest.xml:92:13-36
199            android:exported="false" >
199-->[androidx.work:work-runtime:2.9.1] AndroidManifest.xml:93:13-37
200            <intent-filter>
200-->[androidx.work:work-runtime:2.9.1] AndroidManifest.xml:95:13-98:29
201                <action android:name="android.intent.action.DEVICE_STORAGE_LOW" />
201-->[androidx.work:work-runtime:2.9.1] AndroidManifest.xml:96:17-83
201-->[androidx.work:work-runtime:2.9.1] AndroidManifest.xml:96:25-80
202                <action android:name="android.intent.action.DEVICE_STORAGE_OK" />
202-->[androidx.work:work-runtime:2.9.1] AndroidManifest.xml:97:17-82
202-->[androidx.work:work-runtime:2.9.1] AndroidManifest.xml:97:25-79
203            </intent-filter>
204        </receiver>
205        <receiver
205-->[androidx.work:work-runtime:2.9.1] AndroidManifest.xml:100:9-109:20
206            android:name="androidx.work.impl.background.systemalarm.ConstraintProxy$NetworkStateProxy"
206-->[androidx.work:work-runtime:2.9.1] AndroidManifest.xml:101:13-103
207            android:directBootAware="false"
207-->[androidx.work:work-runtime:2.9.1] AndroidManifest.xml:102:13-44
208            android:enabled="false"
208-->[androidx.work:work-runtime:2.9.1] AndroidManifest.xml:103:13-36
209            android:exported="false" >
209-->[androidx.work:work-runtime:2.9.1] AndroidManifest.xml:104:13-37
210            <intent-filter>
210-->[androidx.work:work-runtime:2.9.1] AndroidManifest.xml:106:13-108:29
211                <action android:name="android.net.conn.CONNECTIVITY_CHANGE" />
211-->[androidx.work:work-runtime:2.9.1] AndroidManifest.xml:107:17-79
211-->[androidx.work:work-runtime:2.9.1] AndroidManifest.xml:107:25-76
212            </intent-filter>
213        </receiver>
214        <receiver
214-->[androidx.work:work-runtime:2.9.1] AndroidManifest.xml:110:9-121:20
215            android:name="androidx.work.impl.background.systemalarm.RescheduleReceiver"
215-->[androidx.work:work-runtime:2.9.1] AndroidManifest.xml:111:13-88
216            android:directBootAware="false"
216-->[androidx.work:work-runtime:2.9.1] AndroidManifest.xml:112:13-44
217            android:enabled="false"
217-->[androidx.work:work-runtime:2.9.1] AndroidManifest.xml:113:13-36
218            android:exported="false" >
218-->[androidx.work:work-runtime:2.9.1] AndroidManifest.xml:114:13-37
219            <intent-filter>
219-->[androidx.work:work-runtime:2.9.1] AndroidManifest.xml:116:13-120:29
220                <action android:name="android.intent.action.BOOT_COMPLETED" />
220-->[androidx.work:work-runtime:2.9.1] AndroidManifest.xml:117:17-79
220-->[androidx.work:work-runtime:2.9.1] AndroidManifest.xml:117:25-76
221                <action android:name="android.intent.action.TIME_SET" />
221-->[androidx.work:work-runtime:2.9.1] AndroidManifest.xml:118:17-73
221-->[androidx.work:work-runtime:2.9.1] AndroidManifest.xml:118:25-70
222                <action android:name="android.intent.action.TIMEZONE_CHANGED" />
222-->[androidx.work:work-runtime:2.9.1] AndroidManifest.xml:119:17-81
222-->[androidx.work:work-runtime:2.9.1] AndroidManifest.xml:119:25-78
223            </intent-filter>
224        </receiver>
225        <receiver
225-->[androidx.work:work-runtime:2.9.1] AndroidManifest.xml:122:9-131:20
226            android:name="androidx.work.impl.background.systemalarm.ConstraintProxyUpdateReceiver"
226-->[androidx.work:work-runtime:2.9.1] AndroidManifest.xml:123:13-99
227            android:directBootAware="false"
227-->[androidx.work:work-runtime:2.9.1] AndroidManifest.xml:124:13-44
228            android:enabled="@bool/enable_system_alarm_service_default"
228-->[androidx.work:work-runtime:2.9.1] AndroidManifest.xml:125:13-72
229            android:exported="false" >
229-->[androidx.work:work-runtime:2.9.1] AndroidManifest.xml:126:13-37
230            <intent-filter>
230-->[androidx.work:work-runtime:2.9.1] AndroidManifest.xml:128:13-130:29
231                <action android:name="androidx.work.impl.background.systemalarm.UpdateProxies" />
231-->[androidx.work:work-runtime:2.9.1] AndroidManifest.xml:129:17-98
231-->[androidx.work:work-runtime:2.9.1] AndroidManifest.xml:129:25-95
232            </intent-filter>
233        </receiver>
234        <receiver
234-->[androidx.work:work-runtime:2.9.1] AndroidManifest.xml:132:9-142:20
235            android:name="androidx.work.impl.diagnostics.DiagnosticsReceiver"
235-->[androidx.work:work-runtime:2.9.1] AndroidManifest.xml:133:13-78
236            android:directBootAware="false"
236-->[androidx.work:work-runtime:2.9.1] AndroidManifest.xml:134:13-44
237            android:enabled="true"
237-->[androidx.work:work-runtime:2.9.1] AndroidManifest.xml:135:13-35
238            android:exported="true"
238-->[androidx.work:work-runtime:2.9.1] AndroidManifest.xml:136:13-36
239            android:permission="android.permission.DUMP" >
239-->[androidx.work:work-runtime:2.9.1] AndroidManifest.xml:137:13-57
240            <intent-filter>
240-->[androidx.work:work-runtime:2.9.1] AndroidManifest.xml:139:13-141:29
241                <action android:name="androidx.work.diagnostics.REQUEST_DIAGNOSTICS" />
241-->[androidx.work:work-runtime:2.9.1] AndroidManifest.xml:140:17-88
241-->[androidx.work:work-runtime:2.9.1] AndroidManifest.xml:140:25-85
242            </intent-filter>
243        </receiver>
244
245        <uses-library
245-->[androidx.window:window:1.5.0] AndroidManifest.xml:23:9-25:40
246            android:name="androidx.window.extensions"
246-->[androidx.window:window:1.5.0] AndroidManifest.xml:24:13-54
247            android:required="false" />
247-->[androidx.window:window:1.5.0] AndroidManifest.xml:25:13-37
248        <uses-library
248-->[androidx.window:window:1.5.0] AndroidManifest.xml:26:9-28:40
249            android:name="androidx.window.sidecar"
249-->[androidx.window:window:1.5.0] AndroidManifest.xml:27:13-51
250            android:required="false" />
250-->[androidx.window:window:1.5.0] AndroidManifest.xml:28:13-37
251
252        <activity
252-->[androidx.compose.ui:ui-test-manifest:1.10.4] AndroidManifest.xml:23:9-26:79
253            android:name="androidx.activity.ComponentActivity"
253-->[androidx.compose.ui:ui-test-manifest:1.10.4] AndroidManifest.xml:24:13-63
254            android:exported="true"
254-->[androidx.compose.ui:ui-test-manifest:1.10.4] AndroidManifest.xml:25:13-36
255            android:theme="@android:style/Theme.Material.Light.NoActionBar" />
255-->[androidx.compose.ui:ui-test-manifest:1.10.4] AndroidManifest.xml:26:13-76
256
257        <service
257-->[androidx.room:room-runtime:2.5.0] AndroidManifest.xml:24:9-28:63
258            android:name="androidx.room.MultiInstanceInvalidationService"
258-->[androidx.room:room-runtime:2.5.0] AndroidManifest.xml:25:13-74
259            android:directBootAware="true"
259-->[androidx.room:room-runtime:2.5.0] AndroidManifest.xml:26:13-43
260            android:exported="false" />
260-->[androidx.room:room-runtime:2.5.0] AndroidManifest.xml:27:13-37
261
262        <receiver
262-->[androidx.profileinstaller:profileinstaller:1.4.0] AndroidManifest.xml:34:9-52:20
263            android:name="androidx.profileinstaller.ProfileInstallReceiver"
263-->[androidx.profileinstaller:profileinstaller:1.4.0] AndroidManifest.xml:35:13-76
264            android:directBootAware="false"
264-->[androidx.profileinstaller:profileinstaller:1.4.0] AndroidManifest.xml:36:13-44
265            android:enabled="true"
265-->[androidx.profileinstaller:profileinstaller:1.4.0] AndroidManifest.xml:37:13-35
266            android:exported="true"
266-->[androidx.profileinstaller:profileinstaller:1.4.0] AndroidManifest.xml:38:13-36
267            android:permission="android.permission.DUMP" >
267-->[androidx.profileinstaller:profileinstaller:1.4.0] AndroidManifest.xml:39:13-57
268            <intent-filter>
268-->[androidx.profileinstaller:profileinstaller:1.4.0] AndroidManifest.xml:40:13-42:29
269                <action android:name="androidx.profileinstaller.action.INSTALL_PROFILE" />
269-->[androidx.profileinstaller:profileinstaller:1.4.0] AndroidManifest.xml:41:17-91
269-->[androidx.profileinstaller:profileinstaller:1.4.0] AndroidManifest.xml:41:25-88
270            </intent-filter>
271            <intent-filter>
271-->[androidx.profileinstaller:profileinstaller:1.4.0] AndroidManifest.xml:43:13-45:29
272                <action android:name="androidx.profileinstaller.action.SKIP_FILE" />
272-->[androidx.profileinstaller:profileinstaller:1.4.0] AndroidManifest.xml:44:17-85
272-->[androidx.profileinstaller:profileinstaller:1.4.0] AndroidManifest.xml:44:25-82
273            </intent-filter>
274            <intent-filter>
274-->[androidx.profileinstaller:profileinstaller:1.4.0] AndroidManifest.xml:46:13-48:29
275                <action android:name="androidx.profileinstaller.action.SAVE_PROFILE" />
275-->[androidx.profileinstaller:profileinstaller:1.4.0] AndroidManifest.xml:47:17-88
275-->[androidx.profileinstaller:profileinstaller:1.4.0] AndroidManifest.xml:47:25-85
276            </intent-filter>
277            <intent-filter>